# JRE version: OpenJDK Runtime Environment Microsoft-8035246 (17.0.8+7) (build 17.0.8+7-LTS)
# Java VM: OpenJDK 64-Bit Server VM Microsoft-8035246 (17.0.8+7-LTS, mixed mode, sharing, tiered, compressed oops, compressed class ptrs, g1 gc, windows-amd64)
GC Precious Log:
 CPUs: 8 total, 8 available
 Memory: 8074M
 Large Page Support: Disabled
 NUMA Support: Disabled
 Compressed Oops: Enabled (32-bit)
 Heap Region Size: 1M
 Heap Min Capacity: 8M
 Heap Initial Capacity: 128M
 Heap Max Capacity: 2G
 Pre-touch: Disabled
 Parallel Workers: 8
 Concurrent Workers: 2
 Concurrent Refinement Workers: 8
 Periodic GC: Disabled
Heap:
 garbage-first heap   total 270336K, used 200933K [0x0000000080000000, 0x0000000100000000)
  region size 1024K, 34 young (34816K), 5 survivors (5120K)
 Metaspace       used 98506K, committed 99520K, reserved 557056K
  class space    used 13835K, committed 14336K, reserved 425984K
GC Heap History (20 events):
Event: 30.810 GC heap before
{Heap before GC invocations=46 (full 0):
 garbage-first heap   total 156672K, used 120835K [0x0000000080000000, 0x0000000100000000)
  region size 1024K, 35 young (35840K), 1 survivors (1024K)
 Metaspace       used 76965K, committed 77696K, reserved 557056K
  class space    used 10730K, committed 11072K, reserved 425984K
}
Event: 30.816 GC heap after
{Heap after GC invocations=47 (full 0):
 garbage-first heap   total 270336K, used 88330K [0x0000000080000000, 0x0000000100000000)
  region size 1024K, 3 young (3072K), 3 survivors (3072K)
 Metaspace       used 76965K, committed 77696K, reserved 557056K
  class space    used 10730K, committed 11072K, reserved 425984K
}
Event: 37.272 GC heap before
{Heap before GC invocations=48 (full 0):
 garbage-first heap   total 270336K, used 196874K [0x0000000080000000, 0x0000000100000000)
  region size 1024K, 109 young (111616K), 3 survivors (3072K)
 Metaspace       used 82486K, committed 83200K, reserved 557056K
  class space    used 11664K, committed 12032K, reserved 425984K
}
Event: 37.281 GC heap after
{Heap after GC invocations=49 (full 0):
 garbage-first heap   total 270336K, used 93009K [0x0000000080000000, 0x0000000100000000)
  region size 1024K, 8 young (8192K), 8 survivors (8192K)
 Metaspace       used 82486K, committed 83200K, reserved 557056K
  class space    used 11664K, committed 12032K, reserved 425984K
}
Event: 37.345 GC heap before
{Heap before GC invocations=49 (full 0):
 garbage-first heap   total 270336K, used 98129K [0x0000000080000000, 0x0000000100000000)
  region size 1024K, 13 young (13312K), 8 survivors (8192K)
 Metaspace       used 82835K, committed 83584K, reserved 557056K
  class space    used 11727K, committed 12096K, reserved 425984K
}
Event: 37.351 GC heap after
{Heap after GC invocations=50 (full 0):
 garbage-first heap   total 270336K, used 93672K [0x0000000080000000, 0x0000000100000000)
  region size 1024K, 2 young (2048K), 2 survivors (2048K)
 Metaspace       used 82835K, committed 83584K, reserved 557056K
  class space    used 11727K, committed 12096K, reserved 425984K
}
Event: 39.110 GC heap before
{Heap before GC invocations=50 (full 0):
 garbage-first heap   total 270336K, used 208360K [0x0000000080000000, 0x0000000100000000)
  region size 1024K, 110 young (112640K), 2 survivors (2048K)
 Metaspace       used 86974K, committed 87808K, reserved 557056K
  class space    used 12256K, committed 12672K, reserved 425984K
}
Event: 39.122 GC heap after
{Heap after GC invocations=51 (full 0):
 garbage-first heap   total 270336K, used 111369K [0x0000000080000000, 0x0000000100000000)
  region size 1024K, 14 young (14336K), 14 survivors (14336K)
 Metaspace       used 86974K, committed 87808K, reserved 557056K
  class space    used 12256K, committed 12672K, reserved 425984K
}
Event: 41.244 GC heap before
{Heap before GC invocations=51 (full 0):
 garbage-first heap   total 270336K, used 210697K [0x0000000080000000, 0x0000000100000000)
  region size 1024K, 108 young (110592K), 14 survivors (14336K)
 Metaspace       used 88969K, committed 89792K, reserved 557056K
  class space    used 12541K, committed 12928K, reserved 425984K
}
Event: 41.277 GC heap after
{Heap after GC invocations=52 (full 0):
 garbage-first heap   total 270336K, used 134144K [0x0000000080000000, 0x0000000100000000)
  region size 1024K, 14 young (14336K), 14 survivors (14336K)
 Metaspace       used 88969K, committed 89792K, reserved 557056K
  class space    used 12541K, committed 12928K, reserved 425984K
}
Event: 42.493 GC heap before
{Heap before GC invocations=52 (full 0):
 garbage-first heap   total 270336K, used 207872K [0x0000000080000000, 0x0000000100000000)
  region size 1024K, 85 young (87040K), 14 survivors (14336K)
 Metaspace       used 92342K, committed 93312K, reserved 557056K
  class space    used 13050K, committed 13568K, reserved 425984K
}
Event: 42.508 GC heap after
{Heap after GC invocations=53 (full 0):
 garbage-first heap   total 270336K, used 145260K [0x0000000080000000, 0x0000000100000000)
  region size 1024K, 8 young (8192K), 8 survivors (8192K)
 Metaspace       used 92342K, committed 93312K, reserved 557056K
  class space    used 13050K, committed 13568K, reserved 425984K
}
Event: 43.636 GC heap before
{Heap before GC invocations=53 (full 0):
 garbage-first heap   total 270336K, used 211820K [0x0000000080000000, 0x0000000100000000)
  region size 1024K, 73 young (74752K), 8 survivors (8192K)
 Metaspace       used 96379K, committed 97280K, reserved 557056K
  class space    used 13551K, committed 14016K, reserved 425984K
}
Event: 43.652 GC heap after
{Heap after GC invocations=54 (full 0):
 garbage-first heap   total 270336K, used 151977K [0x0000000080000000, 0x0000000100000000)
  region size 1024K, 7 young (7168K), 7 survivors (7168K)
 Metaspace       used 96379K, committed 97280K, reserved 557056K
  class space    used 13551K, committed 14016K, reserved 425984K
}
Event: 44.343 GC heap before
{Heap before GC invocations=54 (full 0):
 garbage-first heap   total 270336K, used 214441K [0x0000000080000000, 0x0000000100000000)
  region size 1024K, 68 young (69632K), 7 survivors (7168K)
 Metaspace       used 97226K, committed 98176K, reserved 557056K
  class space    used 13629K, committed 14080K, reserved 425984K
}
Event: 44.358 GC heap after
{Heap after GC invocations=55 (full 0):
 garbage-first heap   total 270336K, used 159247K [0x0000000080000000, 0x0000000100000000)
  region size 1024K, 7 young (7168K), 7 survivors (7168K)
 Metaspace       used 97226K, committed 98176K, reserved 557056K
  class space    used 13629K, committed 14080K, reserved 425984K
}
Event: 45.090 GC heap before
{Heap before GC invocations=55 (full 0):
 garbage-first heap   total 270336K, used 217615K [0x0000000080000000, 0x0000000100000000)
  region size 1024K, 65 young (66560K), 7 survivors (7168K)
 Metaspace       used 98355K, committed 99328K, reserved 557056K
  class space    used 13834K, committed 14336K, reserved 425984K
}
Event: 45.106 GC heap after
{Heap after GC invocations=56 (full 0):
 garbage-first heap   total 270336K, used 164078K [0x0000000080000000, 0x0000000100000000)
  region size 1024K, 5 young (5120K), 5 survivors (5120K)
 Metaspace       used 98355K, committed 99328K, reserved 557056K
  class space    used 13834K, committed 14336K, reserved 425984K
}
Event: 45.681 GC heap before
{Heap before GC invocations=56 (full 0):
 garbage-first heap   total 270336K, used 220398K [0x0000000080000000, 0x0000000100000000)
  region size 1024K, 61 young (62464K), 5 survivors (5120K)
 Metaspace       used 98498K, committed 99520K, reserved 557056K
  class space    used 13835K, committed 14336K, reserved 425984K
}
Event: 45.689 GC heap after
{Heap after GC invocations=57 (full 0):
 garbage-first heap   total 270336K, used 168165K [0x0000000080000000, 0x0000000100000000)
  region size 1024K, 5 young (5120K), 5 survivors (5120K)
 Metaspace       used 98498K, committed 99520K, reserved 557056K
  class space    used 13835K, committed 14336K, reserved 425984K
}

